2020-06-20T14:59:15+00:00 CRITICAL Uncaught Error: Call to undefined function yith_wcwl_object_id() in C:\xampp\htdocs\growshop1\wp-content\themes\ecommerce-gem\woocommerce\content-product.php:70
Stack trace:
#0 C:\xampp\htdocs\growshop1\wp-includes\template.php(725): require()
#1 C:\xampp\htdocs\growshop1\wp-content\plugins\woocommerce\includes\wc-core-functions.php(197): load_template('C:\\xampp\\htdocs...', false)
#2 C:\xampp\htdocs\growshop1\wp-content\plugins\woocommerce\templates\archive-product.php(70): wc_get_template_part('content', 'product')
#3 C:\xampp\htdocs\growshop1\wp-includes\template-loader.php(106): include('C:\\xampp\\htdocs...')
#4 C:\xampp\htdocs\growshop1\wp-blog-header.php(19): require_once('C:\\xampp\\htdocs...')
#5 C:\xampp\htdocs\growshop1\index.php(17): require('C:\\xampp\\htdocs...')
#6 {main}
  thrown en C:\xampp\htdocs\growshop1\wp-content\themes\ecommerce-gem\woocommerce\content-product.php en la línea 70

2020-06-20T15:26:27+00:00 CRITICAL Uncaught Error: Call to undefined function yith_wcwl_object_id() in C:\xampp\htdocs\growshop1\wp-content\themes\ecommerce-gem\woocommerce\content-product.php:70
Stack trace:
#0 C:\xampp\htdocs\growshop1\wp-includes\template.php(725): require()
#1 C:\xampp\htdocs\growshop1\wp-content\plugins\woocommerce\includes\wc-core-functions.php(197): load_template('C:\\xampp\\htdocs...', false)
#2 C:\xampp\htdocs\growshop1\wp-content\plugins\woocommerce\templates\archive-product.php(70): wc_get_template_part('content', 'product')
#3 C:\xampp\htdocs\growshop1\wp-includes\template-loader.php(106): include('C:\\xampp\\htdocs...')
#4 C:\xampp\htdocs\growshop1\wp-blog-header.php(19): require_once('C:\\xampp\\htdocs...')
#5 C:\xampp\htdocs\growshop1\index.php(17): require('C:\\xampp\\htdocs...')
#6 {main}
  thrown en C:\xampp\htdocs\growshop1\wp-content\themes\ecommerce-gem\woocommerce\content-product.php en la línea 70

2020-06-20T17:31:17+00:00 CRITICAL Uncaught Error: Call to undefined function yith_wcwl_object_id() in C:\xampp\htdocs\growshop1\wp-content\themes\ecommerce-gem-plus\woocommerce\content-product.php:70
Stack trace:
#0 C:\xampp\htdocs\growshop1\wp-includes\template.php(725): require()
#1 C:\xampp\htdocs\growshop1\wp-content\plugins\woocommerce\includes\wc-core-functions.php(197): load_template('C:\\xampp\\htdocs...', false)
#2 C:\xampp\htdocs\growshop1\wp-content\plugins\woocommerce\templates\archive-product.php(70): wc_get_template_part('content', 'product')
#3 C:\xampp\htdocs\growshop1\wp-includes\template-loader.php(106): include('C:\\xampp\\htdocs...')
#4 C:\xampp\htdocs\growshop1\wp-blog-header.php(19): require_once('C:\\xampp\\htdocs...')
#5 C:\xampp\htdocs\growshop1\index.php(17): require('C:\\xampp\\htdocs...')
#6 {main}
  thrown en C:\xampp\htdocs\growshop1\wp-content\themes\ecommerce-gem-plus\woocommerce\content-product.php en la línea 70

