2020-06-17T21:43:32+00:00 CRITICAL Uncaught Error: Call to undefined function yith_wcwl_object_id() in C:\xampp\htdocs\growshop1\wp-content\themes\ecommerce-gem\woocommerce\content-product.php:70
Stack trace:
#0 C:\xampp\htdocs\growshop1\wp-includes\template.php(725): require()
#1 C:\xampp\htdocs\growshop1\wp-content\plugins\woocommerce\includes\wc-core-functions.php(197): load_template('C:\\xampp\\htdocs...', false)
#2 C:\xampp\htdocs\growshop1\wp-content\plugins\woocommerce\templates\archive-product.php(70): wc_get_template_part('content', 'product')
#3 C:\xampp\htdocs\growshop1\wp-includes\template-loader.php(106): include('C:\\xampp\\htdocs...')
#4 C:\xampp\htdocs\growshop1\wp-blog-header.php(19): require_once('C:\\xampp\\htdocs...')
#5 C:\xampp\htdocs\growshop1\index.php(17): require('C:\\xampp\\htdocs...')
#6 {main}
  thrown en C:\xampp\htdocs\growshop1\wp-content\themes\ecommerce-gem\woocommerce\content-product.php en la línea 70

2020-06-17T21:44:36+00:00 CRITICAL Uncaught Error: Call to undefined function yith_wcwl_object_id() in C:\xampp\htdocs\growshop1\wp-content\themes\ecommerce-gem\woocommerce\content-product.php:70
Stack trace:
#0 C:\xampp\htdocs\growshop1\wp-includes\template.php(725): require()
#1 C:\xampp\htdocs\growshop1\wp-content\plugins\woocommerce\includes\wc-core-functions.php(197): load_template('C:\\xampp\\htdocs...', false)
#2 C:\xampp\htdocs\growshop1\wp-content\plugins\woocommerce\templates\archive-product.php(70): wc_get_template_part('content', 'product')
#3 C:\xampp\htdocs\growshop1\wp-includes\template-loader.php(106): include('C:\\xampp\\htdocs...')
#4 C:\xampp\htdocs\growshop1\wp-blog-header.php(19): require_once('C:\\xampp\\htdocs...')
#5 C:\xampp\htdocs\growshop1\index.php(17): require('C:\\xampp\\htdocs...')
#6 {main}
  thrown en C:\xampp\htdocs\growshop1\wp-content\themes\ecommerce-gem\woocommerce\content-product.php en la línea 70

2020-06-17T21:45:55+00:00 CRITICAL Uncaught Error: Call to undefined function yith_wcwl_object_id() in C:\xampp\htdocs\growshop1\wp-content\themes\ecommerce-gem\woocommerce\content-product.php:70
Stack trace:
#0 C:\xampp\htdocs\growshop1\wp-includes\template.php(725): require()
#1 C:\xampp\htdocs\growshop1\wp-content\plugins\woocommerce\includes\wc-core-functions.php(197): load_template('C:\\xampp\\htdocs...', false)
#2 C:\xampp\htdocs\growshop1\wp-content\plugins\woocommerce\templates\archive-product.php(70): wc_get_template_part('content', 'product')
#3 C:\xampp\htdocs\growshop1\wp-includes\template-loader.php(106): include('C:\\xampp\\htdocs...')
#4 C:\xampp\htdocs\growshop1\wp-blog-header.php(19): require_once('C:\\xampp\\htdocs...')
#5 C:\xampp\htdocs\growshop1\index.php(17): require('C:\\xampp\\htdocs...')
#6 {main}
  thrown en C:\xampp\htdocs\growshop1\wp-content\themes\ecommerce-gem\woocommerce\content-product.php en la línea 70

2020-06-17T21:46:01+00:00 CRITICAL Uncaught Error: Call to undefined function yith_wcwl_object_id() in C:\xampp\htdocs\growshop1\wp-content\themes\ecommerce-gem\woocommerce\content-product.php:70
Stack trace:
#0 C:\xampp\htdocs\growshop1\wp-includes\template.php(725): require()
#1 C:\xampp\htdocs\growshop1\wp-content\plugins\woocommerce\includes\wc-core-functions.php(197): load_template('C:\\xampp\\htdocs...', false)
#2 C:\xampp\htdocs\growshop1\wp-content\plugins\woocommerce\templates\archive-product.php(70): wc_get_template_part('content', 'product')
#3 C:\xampp\htdocs\growshop1\wp-includes\template-loader.php(106): include('C:\\xampp\\htdocs...')
#4 C:\xampp\htdocs\growshop1\wp-blog-header.php(19): require_once('C:\\xampp\\htdocs...')
#5 C:\xampp\htdocs\growshop1\index.php(17): require('C:\\xampp\\htdocs...')
#6 {main}
  thrown en C:\xampp\htdocs\growshop1\wp-content\themes\ecommerce-gem\woocommerce\content-product.php en la línea 70

2020-06-17T21:46:05+00:00 CRITICAL Uncaught Error: Call to undefined function yith_wcwl_object_id() in C:\xampp\htdocs\growshop1\wp-content\themes\ecommerce-gem\woocommerce\content-product.php:70
Stack trace:
#0 C:\xampp\htdocs\growshop1\wp-includes\template.php(725): require()
#1 C:\xampp\htdocs\growshop1\wp-content\plugins\woocommerce\includes\wc-core-functions.php(197): load_template('C:\\xampp\\htdocs...', false)
#2 C:\xampp\htdocs\growshop1\wp-content\plugins\woocommerce\templates\archive-product.php(70): wc_get_template_part('content', 'product')
#3 C:\xampp\htdocs\growshop1\wp-includes\template-loader.php(106): include('C:\\xampp\\htdocs...')
#4 C:\xampp\htdocs\growshop1\wp-blog-header.php(19): require_once('C:\\xampp\\htdocs...')
#5 C:\xampp\htdocs\growshop1\index.php(17): require('C:\\xampp\\htdocs...')
#6 {main}
  thrown en C:\xampp\htdocs\growshop1\wp-content\themes\ecommerce-gem\woocommerce\content-product.php en la línea 70

2020-06-17T21:46:45+00:00 CRITICAL Uncaught Error: Call to undefined function yith_wcwl_object_id() in C:\xampp\htdocs\growshop1\wp-content\themes\ecommerce-gem\woocommerce\content-product.php:70
Stack trace:
#0 C:\xampp\htdocs\growshop1\wp-includes\template.php(725): require()
#1 C:\xampp\htdocs\growshop1\wp-content\plugins\woocommerce\includes\wc-core-functions.php(197): load_template('C:\\xampp\\htdocs...', false)
#2 C:\xampp\htdocs\growshop1\wp-content\plugins\woocommerce\templates\archive-product.php(70): wc_get_template_part('content', 'product')
#3 C:\xampp\htdocs\growshop1\wp-includes\template-loader.php(106): include('C:\\xampp\\htdocs...')
#4 C:\xampp\htdocs\growshop1\wp-blog-header.php(19): require_once('C:\\xampp\\htdocs...')
#5 C:\xampp\htdocs\growshop1\index.php(17): require('C:\\xampp\\htdocs...')
#6 {main}
  thrown en C:\xampp\htdocs\growshop1\wp-content\themes\ecommerce-gem\woocommerce\content-product.php en la línea 70

2020-06-17T21:46:46+00:00 CRITICAL Uncaught Error: Call to undefined function yith_wcwl_object_id() in C:\xampp\htdocs\growshop1\wp-content\themes\ecommerce-gem\woocommerce\content-product.php:70
Stack trace:
#0 C:\xampp\htdocs\growshop1\wp-includes\template.php(725): require()
#1 C:\xampp\htdocs\growshop1\wp-content\plugins\woocommerce\includes\wc-core-functions.php(197): load_template('C:\\xampp\\htdocs...', false)
#2 C:\xampp\htdocs\growshop1\wp-content\plugins\woocommerce\templates\archive-product.php(70): wc_get_template_part('content', 'product')
#3 C:\xampp\htdocs\growshop1\wp-includes\template-loader.php(106): include('C:\\xampp\\htdocs...')
#4 C:\xampp\htdocs\growshop1\wp-blog-header.php(19): require_once('C:\\xampp\\htdocs...')
#5 C:\xampp\htdocs\growshop1\index.php(17): require('C:\\xampp\\htdocs...')
#6 {main}
  thrown en C:\xampp\htdocs\growshop1\wp-content\themes\ecommerce-gem\woocommerce\content-product.php en la línea 70

2020-06-17T21:47:03+00:00 CRITICAL Uncaught Error: Call to undefined function yith_wcwl_object_id() in C:\xampp\htdocs\growshop1\wp-content\themes\ecommerce-gem\woocommerce\content-product.php:70
Stack trace:
#0 C:\xampp\htdocs\growshop1\wp-includes\template.php(725): require()
#1 C:\xampp\htdocs\growshop1\wp-content\plugins\woocommerce\includes\wc-core-functions.php(197): load_template('C:\\xampp\\htdocs...', false)
#2 C:\xampp\htdocs\growshop1\wp-content\plugins\woocommerce\templates\archive-product.php(70): wc_get_template_part('content', 'product')
#3 C:\xampp\htdocs\growshop1\wp-includes\template-loader.php(106): include('C:\\xampp\\htdocs...')
#4 C:\xampp\htdocs\growshop1\wp-blog-header.php(19): require_once('C:\\xampp\\htdocs...')
#5 C:\xampp\htdocs\growshop1\index.php(17): require('C:\\xampp\\htdocs...')
#6 {main}
  thrown en C:\xampp\htdocs\growshop1\wp-content\themes\ecommerce-gem\woocommerce\content-product.php en la línea 70

2020-06-17T21:47:10+00:00 CRITICAL Uncaught Error: Call to undefined function yith_wcwl_object_id() in C:\xampp\htdocs\growshop1\wp-content\themes\ecommerce-gem\woocommerce\content-product.php:70
Stack trace:
#0 C:\xampp\htdocs\growshop1\wp-includes\template.php(725): require()
#1 C:\xampp\htdocs\growshop1\wp-content\plugins\woocommerce\includes\wc-core-functions.php(197): load_template('C:\\xampp\\htdocs...', false)
#2 C:\xampp\htdocs\growshop1\wp-content\plugins\woocommerce\templates\archive-product.php(70): wc_get_template_part('content', 'product')
#3 C:\xampp\htdocs\growshop1\wp-includes\template-loader.php(106): include('C:\\xampp\\htdocs...')
#4 C:\xampp\htdocs\growshop1\wp-blog-header.php(19): require_once('C:\\xampp\\htdocs...')
#5 C:\xampp\htdocs\growshop1\index.php(17): require('C:\\xampp\\htdocs...')
#6 {main}
  thrown en C:\xampp\htdocs\growshop1\wp-content\themes\ecommerce-gem\woocommerce\content-product.php en la línea 70

2020-06-17T21:48:31+00:00 CRITICAL Uncaught Error: Call to undefined function yith_wcwl_object_id() in C:\xampp\htdocs\growshop1\wp-content\themes\ecommerce-gem\woocommerce\content-product.php:70
Stack trace:
#0 C:\xampp\htdocs\growshop1\wp-includes\template.php(725): require()
#1 C:\xampp\htdocs\growshop1\wp-content\plugins\woocommerce\includes\wc-core-functions.php(197): load_template('C:\\xampp\\htdocs...', false)
#2 C:\xampp\htdocs\growshop1\wp-content\plugins\woocommerce\templates\archive-product.php(70): wc_get_template_part('content', 'product')
#3 C:\xampp\htdocs\growshop1\wp-includes\template-loader.php(106): include('C:\\xampp\\htdocs...')
#4 C:\xampp\htdocs\growshop1\wp-blog-header.php(19): require_once('C:\\xampp\\htdocs...')
#5 C:\xampp\htdocs\growshop1\index.php(17): require('C:\\xampp\\htdocs...')
#6 {main}
  thrown en C:\xampp\htdocs\growshop1\wp-content\themes\ecommerce-gem\woocommerce\content-product.php en la línea 70

2020-06-17T21:48:35+00:00 CRITICAL Uncaught Error: Call to undefined function yith_wcwl_object_id() in C:\xampp\htdocs\growshop1\wp-content\themes\ecommerce-gem\woocommerce\content-product.php:70
Stack trace:
#0 C:\xampp\htdocs\growshop1\wp-includes\template.php(725): require()
#1 C:\xampp\htdocs\growshop1\wp-content\plugins\woocommerce\includes\wc-core-functions.php(197): load_template('C:\\xampp\\htdocs...', false)
#2 C:\xampp\htdocs\growshop1\wp-content\plugins\woocommerce\templates\archive-product.php(70): wc_get_template_part('content', 'product')
#3 C:\xampp\htdocs\growshop1\wp-includes\template-loader.php(106): include('C:\\xampp\\htdocs...')
#4 C:\xampp\htdocs\growshop1\wp-blog-header.php(19): require_once('C:\\xampp\\htdocs...')
#5 C:\xampp\htdocs\growshop1\index.php(17): require('C:\\xampp\\htdocs...')
#6 {main}
  thrown en C:\xampp\htdocs\growshop1\wp-content\themes\ecommerce-gem\woocommerce\content-product.php en la línea 70

2020-06-17T21:48:39+00:00 CRITICAL Uncaught Error: Call to undefined function yith_wcwl_object_id() in C:\xampp\htdocs\growshop1\wp-content\themes\ecommerce-gem\woocommerce\content-product.php:70
Stack trace:
#0 C:\xampp\htdocs\growshop1\wp-includes\template.php(725): require()
#1 C:\xampp\htdocs\growshop1\wp-content\plugins\woocommerce\includes\wc-core-functions.php(197): load_template('C:\\xampp\\htdocs...', false)
#2 C:\xampp\htdocs\growshop1\wp-content\plugins\woocommerce\templates\archive-product.php(70): wc_get_template_part('content', 'product')
#3 C:\xampp\htdocs\growshop1\wp-includes\template-loader.php(106): include('C:\\xampp\\htdocs...')
#4 C:\xampp\htdocs\growshop1\wp-blog-header.php(19): require_once('C:\\xampp\\htdocs...')
#5 C:\xampp\htdocs\growshop1\index.php(17): require('C:\\xampp\\htdocs...')
#6 {main}
  thrown en C:\xampp\htdocs\growshop1\wp-content\themes\ecommerce-gem\woocommerce\content-product.php en la línea 70

2020-06-17T21:48:46+00:00 CRITICAL Uncaught Error: Call to undefined function yith_wcwl_object_id() in C:\xampp\htdocs\growshop1\wp-content\themes\ecommerce-gem\woocommerce\content-product.php:70
Stack trace:
#0 C:\xampp\htdocs\growshop1\wp-includes\template.php(725): require()
#1 C:\xampp\htdocs\growshop1\wp-content\plugins\woocommerce\includes\wc-core-functions.php(197): load_template('C:\\xampp\\htdocs...', false)
#2 C:\xampp\htdocs\growshop1\wp-content\plugins\woocommerce\templates\archive-product.php(70): wc_get_template_part('content', 'product')
#3 C:\xampp\htdocs\growshop1\wp-includes\template-loader.php(106): include('C:\\xampp\\htdocs...')
#4 C:\xampp\htdocs\growshop1\wp-blog-header.php(19): require_once('C:\\xampp\\htdocs...')
#5 C:\xampp\htdocs\growshop1\index.php(17): require('C:\\xampp\\htdocs...')
#6 {main}
  thrown en C:\xampp\htdocs\growshop1\wp-content\themes\ecommerce-gem\woocommerce\content-product.php en la línea 70

2020-06-17T21:49:05+00:00 CRITICAL Uncaught Error: Call to undefined function yith_wcwl_object_id() in C:\xampp\htdocs\growshop1\wp-content\themes\ecommerce-gem\woocommerce\content-product.php:70
Stack trace:
#0 C:\xampp\htdocs\growshop1\wp-includes\template.php(725): require()
#1 C:\xampp\htdocs\growshop1\wp-content\plugins\woocommerce\includes\wc-core-functions.php(197): load_template('C:\\xampp\\htdocs...', false)
#2 C:\xampp\htdocs\growshop1\wp-content\plugins\woocommerce\templates\archive-product.php(70): wc_get_template_part('content', 'product')
#3 C:\xampp\htdocs\growshop1\wp-includes\template-loader.php(106): include('C:\\xampp\\htdocs...')
#4 C:\xampp\htdocs\growshop1\wp-blog-header.php(19): require_once('C:\\xampp\\htdocs...')
#5 C:\xampp\htdocs\growshop1\index.php(17): require('C:\\xampp\\htdocs...')
#6 {main}
  thrown en C:\xampp\htdocs\growshop1\wp-content\themes\ecommerce-gem\woocommerce\content-product.php en la línea 70

2020-06-17T21:49:21+00:00 CRITICAL Uncaught Error: Call to undefined function yith_wcwl_object_id() in C:\xampp\htdocs\growshop1\wp-content\themes\ecommerce-gem\woocommerce\content-product.php:70
Stack trace:
#0 C:\xampp\htdocs\growshop1\wp-includes\template.php(725): require()
#1 C:\xampp\htdocs\growshop1\wp-content\plugins\woocommerce\includes\wc-core-functions.php(197): load_template('C:\\xampp\\htdocs...', false)
#2 C:\xampp\htdocs\growshop1\wp-content\plugins\woocommerce\templates\archive-product.php(70): wc_get_template_part('content', 'product')
#3 C:\xampp\htdocs\growshop1\wp-includes\template-loader.php(106): include('C:\\xampp\\htdocs...')
#4 C:\xampp\htdocs\growshop1\wp-blog-header.php(19): require_once('C:\\xampp\\htdocs...')
#5 C:\xampp\htdocs\growshop1\index.php(17): require('C:\\xampp\\htdocs...')
#6 {main}
  thrown en C:\xampp\htdocs\growshop1\wp-content\themes\ecommerce-gem\woocommerce\content-product.php en la línea 70

2020-06-17T21:49:29+00:00 CRITICAL Uncaught Error: Call to undefined function yith_wcwl_object_id() in C:\xampp\htdocs\growshop1\wp-content\themes\ecommerce-gem\woocommerce\content-product.php:70
Stack trace:
#0 C:\xampp\htdocs\growshop1\wp-includes\template.php(725): require()
#1 C:\xampp\htdocs\growshop1\wp-content\plugins\woocommerce\includes\wc-core-functions.php(197): load_template('C:\\xampp\\htdocs...', false)
#2 C:\xampp\htdocs\growshop1\wp-content\plugins\woocommerce\templates\archive-product.php(70): wc_get_template_part('content', 'product')
#3 C:\xampp\htdocs\growshop1\wp-includes\template-loader.php(106): include('C:\\xampp\\htdocs...')
#4 C:\xampp\htdocs\growshop1\wp-blog-header.php(19): require_once('C:\\xampp\\htdocs...')
#5 C:\xampp\htdocs\growshop1\index.php(17): require('C:\\xampp\\htdocs...')
#6 {main}
  thrown en C:\xampp\htdocs\growshop1\wp-content\themes\ecommerce-gem\woocommerce\content-product.php en la línea 70

2020-06-17T21:49:33+00:00 CRITICAL Uncaught Error: Call to undefined function yith_wcwl_object_id() in C:\xampp\htdocs\growshop1\wp-content\themes\ecommerce-gem\woocommerce\content-product.php:70
Stack trace:
#0 C:\xampp\htdocs\growshop1\wp-includes\template.php(725): require()
#1 C:\xampp\htdocs\growshop1\wp-content\plugins\woocommerce\includes\wc-core-functions.php(197): load_template('C:\\xampp\\htdocs...', false)
#2 C:\xampp\htdocs\growshop1\wp-content\plugins\woocommerce\templates\archive-product.php(70): wc_get_template_part('content', 'product')
#3 C:\xampp\htdocs\growshop1\wp-includes\template-loader.php(106): include('C:\\xampp\\htdocs...')
#4 C:\xampp\htdocs\growshop1\wp-blog-header.php(19): require_once('C:\\xampp\\htdocs...')
#5 C:\xampp\htdocs\growshop1\index.php(17): require('C:\\xampp\\htdocs...')
#6 {main}
  thrown en C:\xampp\htdocs\growshop1\wp-content\themes\ecommerce-gem\woocommerce\content-product.php en la línea 70

2020-06-17T21:49:48+00:00 CRITICAL Uncaught Error: Call to undefined function yith_wcwl_object_id() in C:\xampp\htdocs\growshop1\wp-content\themes\ecommerce-gem\woocommerce\content-product.php:70
Stack trace:
#0 C:\xampp\htdocs\growshop1\wp-includes\template.php(725): require()
#1 C:\xampp\htdocs\growshop1\wp-content\plugins\woocommerce\includes\wc-core-functions.php(197): load_template('C:\\xampp\\htdocs...', false)
#2 C:\xampp\htdocs\growshop1\wp-content\plugins\woocommerce\templates\archive-product.php(70): wc_get_template_part('content', 'product')
#3 C:\xampp\htdocs\growshop1\wp-includes\template-loader.php(106): include('C:\\xampp\\htdocs...')
#4 C:\xampp\htdocs\growshop1\wp-blog-header.php(19): require_once('C:\\xampp\\htdocs...')
#5 C:\xampp\htdocs\growshop1\index.php(17): require('C:\\xampp\\htdocs...')
#6 {main}
  thrown en C:\xampp\htdocs\growshop1\wp-content\themes\ecommerce-gem\woocommerce\content-product.php en la línea 70

2020-06-17T21:49:54+00:00 CRITICAL Uncaught Error: Call to undefined function yith_wcwl_object_id() in C:\xampp\htdocs\growshop1\wp-content\themes\ecommerce-gem\woocommerce\content-product.php:70
Stack trace:
#0 C:\xampp\htdocs\growshop1\wp-includes\template.php(725): require()
#1 C:\xampp\htdocs\growshop1\wp-content\plugins\woocommerce\includes\wc-core-functions.php(197): load_template('C:\\xampp\\htdocs...', false)
#2 C:\xampp\htdocs\growshop1\wp-content\plugins\woocommerce\templates\archive-product.php(70): wc_get_template_part('content', 'product')
#3 C:\xampp\htdocs\growshop1\wp-includes\template-loader.php(106): include('C:\\xampp\\htdocs...')
#4 C:\xampp\htdocs\growshop1\wp-blog-header.php(19): require_once('C:\\xampp\\htdocs...')
#5 C:\xampp\htdocs\growshop1\index.php(17): require('C:\\xampp\\htdocs...')
#6 {main}
  thrown en C:\xampp\htdocs\growshop1\wp-content\themes\ecommerce-gem\woocommerce\content-product.php en la línea 70

2020-06-17T21:49:57+00:00 CRITICAL Uncaught Error: Call to undefined function yith_wcwl_object_id() in C:\xampp\htdocs\growshop1\wp-content\themes\ecommerce-gem\woocommerce\content-product.php:70
Stack trace:
#0 C:\xampp\htdocs\growshop1\wp-includes\template.php(725): require()
#1 C:\xampp\htdocs\growshop1\wp-content\plugins\woocommerce\includes\wc-core-functions.php(197): load_template('C:\\xampp\\htdocs...', false)
#2 C:\xampp\htdocs\growshop1\wp-content\plugins\woocommerce\templates\archive-product.php(70): wc_get_template_part('content', 'product')
#3 C:\xampp\htdocs\growshop1\wp-includes\template-loader.php(106): include('C:\\xampp\\htdocs...')
#4 C:\xampp\htdocs\growshop1\wp-blog-header.php(19): require_once('C:\\xampp\\htdocs...')
#5 C:\xampp\htdocs\growshop1\index.php(17): require('C:\\xampp\\htdocs...')
#6 {main}
  thrown en C:\xampp\htdocs\growshop1\wp-content\themes\ecommerce-gem\woocommerce\content-product.php en la línea 70

2020-06-17T21:50:01+00:00 CRITICAL Uncaught Error: Call to undefined function yith_wcwl_object_id() in C:\xampp\htdocs\growshop1\wp-content\themes\ecommerce-gem\woocommerce\content-product.php:70
Stack trace:
#0 C:\xampp\htdocs\growshop1\wp-includes\template.php(725): require()
#1 C:\xampp\htdocs\growshop1\wp-content\plugins\woocommerce\includes\wc-core-functions.php(197): load_template('C:\\xampp\\htdocs...', false)
#2 C:\xampp\htdocs\growshop1\wp-content\plugins\woocommerce\templates\archive-product.php(70): wc_get_template_part('content', 'product')
#3 C:\xampp\htdocs\growshop1\wp-includes\template-loader.php(106): include('C:\\xampp\\htdocs...')
#4 C:\xampp\htdocs\growshop1\wp-blog-header.php(19): require_once('C:\\xampp\\htdocs...')
#5 C:\xampp\htdocs\growshop1\index.php(17): require('C:\\xampp\\htdocs...')
#6 {main}
  thrown en C:\xampp\htdocs\growshop1\wp-content\themes\ecommerce-gem\woocommerce\content-product.php en la línea 70

2020-06-17T21:50:08+00:00 CRITICAL Uncaught Error: Call to undefined function yith_wcwl_object_id() in C:\xampp\htdocs\growshop1\wp-content\themes\ecommerce-gem\woocommerce\content-product.php:70
Stack trace:
#0 C:\xampp\htdocs\growshop1\wp-includes\template.php(725): require()
#1 C:\xampp\htdocs\growshop1\wp-content\plugins\woocommerce\includes\wc-core-functions.php(197): load_template('C:\\xampp\\htdocs...', false)
#2 C:\xampp\htdocs\growshop1\wp-content\plugins\woocommerce\templates\archive-product.php(70): wc_get_template_part('content', 'product')
#3 C:\xampp\htdocs\growshop1\wp-includes\template-loader.php(106): include('C:\\xampp\\htdocs...')
#4 C:\xampp\htdocs\growshop1\wp-blog-header.php(19): require_once('C:\\xampp\\htdocs...')
#5 C:\xampp\htdocs\growshop1\index.php(17): require('C:\\xampp\\htdocs...')
#6 {main}
  thrown en C:\xampp\htdocs\growshop1\wp-content\themes\ecommerce-gem\woocommerce\content-product.php en la línea 70

2020-06-17T21:50:16+00:00 CRITICAL Uncaught Error: Call to undefined function yith_wcwl_object_id() in C:\xampp\htdocs\growshop1\wp-content\themes\ecommerce-gem\woocommerce\content-product.php:70
Stack trace:
#0 C:\xampp\htdocs\growshop1\wp-includes\template.php(725): require()
#1 C:\xampp\htdocs\growshop1\wp-content\plugins\woocommerce\includes\wc-core-functions.php(197): load_template('C:\\xampp\\htdocs...', false)
#2 C:\xampp\htdocs\growshop1\wp-content\plugins\woocommerce\templates\archive-product.php(70): wc_get_template_part('content', 'product')
#3 C:\xampp\htdocs\growshop1\wp-includes\template-loader.php(106): include('C:\\xampp\\htdocs...')
#4 C:\xampp\htdocs\growshop1\wp-blog-header.php(19): require_once('C:\\xampp\\htdocs...')
#5 C:\xampp\htdocs\growshop1\index.php(17): require('C:\\xampp\\htdocs...')
#6 {main}
  thrown en C:\xampp\htdocs\growshop1\wp-content\themes\ecommerce-gem\woocommerce\content-product.php en la línea 70

2020-06-17T21:50:26+00:00 CRITICAL Uncaught Error: Call to undefined function yith_wcwl_object_id() in C:\xampp\htdocs\growshop1\wp-content\themes\ecommerce-gem\woocommerce\content-product.php:70
Stack trace:
#0 C:\xampp\htdocs\growshop1\wp-includes\template.php(725): require()
#1 C:\xampp\htdocs\growshop1\wp-content\plugins\woocommerce\includes\wc-core-functions.php(197): load_template('C:\\xampp\\htdocs...', false)
#2 C:\xampp\htdocs\growshop1\wp-content\plugins\woocommerce\templates\archive-product.php(70): wc_get_template_part('content', 'product')
#3 C:\xampp\htdocs\growshop1\wp-includes\template-loader.php(106): include('C:\\xampp\\htdocs...')
#4 C:\xampp\htdocs\growshop1\wp-blog-header.php(19): require_once('C:\\xampp\\htdocs...')
#5 C:\xampp\htdocs\growshop1\index.php(17): require('C:\\xampp\\htdocs...')
#6 {main}
  thrown en C:\xampp\htdocs\growshop1\wp-content\themes\ecommerce-gem\woocommerce\content-product.php en la línea 70

2020-06-17T21:50:30+00:00 CRITICAL Uncaught Error: Call to undefined function yith_wcwl_object_id() in C:\xampp\htdocs\growshop1\wp-content\themes\ecommerce-gem\woocommerce\content-product.php:70
Stack trace:
#0 C:\xampp\htdocs\growshop1\wp-includes\template.php(725): require()
#1 C:\xampp\htdocs\growshop1\wp-content\plugins\woocommerce\includes\wc-core-functions.php(197): load_template('C:\\xampp\\htdocs...', false)
#2 C:\xampp\htdocs\growshop1\wp-content\plugins\woocommerce\templates\archive-product.php(70): wc_get_template_part('content', 'product')
#3 C:\xampp\htdocs\growshop1\wp-includes\template-loader.php(106): include('C:\\xampp\\htdocs...')
#4 C:\xampp\htdocs\growshop1\wp-blog-header.php(19): require_once('C:\\xampp\\htdocs...')
#5 C:\xampp\htdocs\growshop1\index.php(17): require('C:\\xampp\\htdocs...')
#6 {main}
  thrown en C:\xampp\htdocs\growshop1\wp-content\themes\ecommerce-gem\woocommerce\content-product.php en la línea 70

2020-06-17T22:08:48+00:00 CRITICAL Uncaught Error: Call to undefined function yith_wcwl_object_id() in C:\xampp\htdocs\growshop1\wp-content\themes\ecommerce-gem\woocommerce\content-product.php:70
Stack trace:
#0 C:\xampp\htdocs\growshop1\wp-includes\template.php(725): require()
#1 C:\xampp\htdocs\growshop1\wp-content\plugins\woocommerce\includes\wc-core-functions.php(197): load_template('C:\\xampp\\htdocs...', false)
#2 C:\xampp\htdocs\growshop1\wp-content\plugins\woocommerce\templates\archive-product.php(70): wc_get_template_part('content', 'product')
#3 C:\xampp\htdocs\growshop1\wp-includes\template-loader.php(106): include('C:\\xampp\\htdocs...')
#4 C:\xampp\htdocs\growshop1\wp-blog-header.php(19): require_once('C:\\xampp\\htdocs...')
#5 C:\xampp\htdocs\growshop1\index.php(17): require('C:\\xampp\\htdocs...')
#6 {main}
  thrown en C:\xampp\htdocs\growshop1\wp-content\themes\ecommerce-gem\woocommerce\content-product.php en la línea 70

2020-06-17T22:09:40+00:00 CRITICAL Uncaught Error: Call to undefined function yith_wcwl_object_id() in C:\xampp\htdocs\growshop1\wp-content\themes\ecommerce-gem\woocommerce\content-product.php:70
Stack trace:
#0 C:\xampp\htdocs\growshop1\wp-includes\template.php(725): require()
#1 C:\xampp\htdocs\growshop1\wp-content\plugins\woocommerce\includes\wc-core-functions.php(197): load_template('C:\\xampp\\htdocs...', false)
#2 C:\xampp\htdocs\growshop1\wp-content\plugins\woocommerce\templates\archive-product.php(70): wc_get_template_part('content', 'product')
#3 C:\xampp\htdocs\growshop1\wp-includes\template-loader.php(106): include('C:\\xampp\\htdocs...')
#4 C:\xampp\htdocs\growshop1\wp-blog-header.php(19): require_once('C:\\xampp\\htdocs...')
#5 C:\xampp\htdocs\growshop1\index.php(17): require('C:\\xampp\\htdocs...')
#6 {main}
  thrown en C:\xampp\htdocs\growshop1\wp-content\themes\ecommerce-gem\woocommerce\content-product.php en la línea 70

2020-06-17T22:09:45+00:00 CRITICAL Uncaught Error: Call to undefined function yith_wcwl_object_id() in C:\xampp\htdocs\growshop1\wp-content\themes\ecommerce-gem\woocommerce\content-product.php:70
Stack trace:
#0 C:\xampp\htdocs\growshop1\wp-includes\template.php(725): require()
#1 C:\xampp\htdocs\growshop1\wp-content\plugins\woocommerce\includes\wc-core-functions.php(197): load_template('C:\\xampp\\htdocs...', false)
#2 C:\xampp\htdocs\growshop1\wp-content\plugins\woocommerce\templates\archive-product.php(70): wc_get_template_part('content', 'product')
#3 C:\xampp\htdocs\growshop1\wp-includes\template-loader.php(106): include('C:\\xampp\\htdocs...')
#4 C:\xampp\htdocs\growshop1\wp-blog-header.php(19): require_once('C:\\xampp\\htdocs...')
#5 C:\xampp\htdocs\growshop1\index.php(17): require('C:\\xampp\\htdocs...')
#6 {main}
  thrown en C:\xampp\htdocs\growshop1\wp-content\themes\ecommerce-gem\woocommerce\content-product.php en la línea 70

2020-06-17T22:12:26+00:00 CRITICAL Uncaught Error: Call to undefined function yith_wcwl_object_id() in C:\xampp\htdocs\growshop1\wp-content\themes\ecommerce-gem\woocommerce\content-product.php:70
Stack trace:
#0 C:\xampp\htdocs\growshop1\wp-includes\template.php(725): require()
#1 C:\xampp\htdocs\growshop1\wp-content\plugins\woocommerce\includes\wc-core-functions.php(197): load_template('C:\\xampp\\htdocs...', false)
#2 C:\xampp\htdocs\growshop1\wp-content\plugins\woocommerce\templates\archive-product.php(70): wc_get_template_part('content', 'product')
#3 C:\xampp\htdocs\growshop1\wp-includes\template-loader.php(106): include('C:\\xampp\\htdocs...')
#4 C:\xampp\htdocs\growshop1\wp-blog-header.php(19): require_once('C:\\xampp\\htdocs...')
#5 C:\xampp\htdocs\growshop1\index.php(17): require('C:\\xampp\\htdocs...')
#6 {main}
  thrown en C:\xampp\htdocs\growshop1\wp-content\themes\ecommerce-gem\woocommerce\content-product.php en la línea 70

2020-06-17T22:12:30+00:00 CRITICAL Uncaught Error: Call to undefined function yith_wcwl_object_id() in C:\xampp\htdocs\growshop1\wp-content\themes\ecommerce-gem\woocommerce\content-product.php:70
Stack trace:
#0 C:\xampp\htdocs\growshop1\wp-includes\template.php(725): require()
#1 C:\xampp\htdocs\growshop1\wp-content\plugins\woocommerce\includes\wc-core-functions.php(197): load_template('C:\\xampp\\htdocs...', false)
#2 C:\xampp\htdocs\growshop1\wp-content\plugins\woocommerce\templates\archive-product.php(70): wc_get_template_part('content', 'product')
#3 C:\xampp\htdocs\growshop1\wp-includes\template-loader.php(106): include('C:\\xampp\\htdocs...')
#4 C:\xampp\htdocs\growshop1\wp-blog-header.php(19): require_once('C:\\xampp\\htdocs...')
#5 C:\xampp\htdocs\growshop1\index.php(17): require('C:\\xampp\\htdocs...')
#6 {main}
  thrown en C:\xampp\htdocs\growshop1\wp-content\themes\ecommerce-gem\woocommerce\content-product.php en la línea 70

2020-06-17T22:12:36+00:00 CRITICAL Uncaught Error: Call to undefined function yith_wcwl_object_id() in C:\xampp\htdocs\growshop1\wp-content\themes\ecommerce-gem\woocommerce\content-product.php:70
Stack trace:
#0 C:\xampp\htdocs\growshop1\wp-includes\template.php(725): require()
#1 C:\xampp\htdocs\growshop1\wp-content\plugins\woocommerce\includes\wc-core-functions.php(197): load_template('C:\\xampp\\htdocs...', false)
#2 C:\xampp\htdocs\growshop1\wp-content\plugins\woocommerce\templates\archive-product.php(70): wc_get_template_part('content', 'product')
#3 C:\xampp\htdocs\growshop1\wp-includes\template-loader.php(106): include('C:\\xampp\\htdocs...')
#4 C:\xampp\htdocs\growshop1\wp-blog-header.php(19): require_once('C:\\xampp\\htdocs...')
#5 C:\xampp\htdocs\growshop1\index.php(17): require('C:\\xampp\\htdocs...')
#6 {main}
  thrown en C:\xampp\htdocs\growshop1\wp-content\themes\ecommerce-gem\woocommerce\content-product.php en la línea 70

2020-06-17T22:12:42+00:00 CRITICAL Uncaught Error: Call to undefined function yith_wcwl_object_id() in C:\xampp\htdocs\growshop1\wp-content\themes\ecommerce-gem\woocommerce\content-product.php:70
Stack trace:
#0 C:\xampp\htdocs\growshop1\wp-includes\template.php(725): require()
#1 C:\xampp\htdocs\growshop1\wp-content\plugins\woocommerce\includes\wc-core-functions.php(197): load_template('C:\\xampp\\htdocs...', false)
#2 C:\xampp\htdocs\growshop1\wp-content\plugins\woocommerce\templates\archive-product.php(70): wc_get_template_part('content', 'product')
#3 C:\xampp\htdocs\growshop1\wp-includes\template-loader.php(106): include('C:\\xampp\\htdocs...')
#4 C:\xampp\htdocs\growshop1\wp-blog-header.php(19): require_once('C:\\xampp\\htdocs...')
#5 C:\xampp\htdocs\growshop1\index.php(17): require('C:\\xampp\\htdocs...')
#6 {main}
  thrown en C:\xampp\htdocs\growshop1\wp-content\themes\ecommerce-gem\woocommerce\content-product.php en la línea 70

2020-06-17T22:13:05+00:00 CRITICAL Uncaught Error: Call to undefined function yith_wcwl_object_id() in C:\xampp\htdocs\growshop1\wp-content\themes\ecommerce-gem\woocommerce\content-product.php:70
Stack trace:
#0 C:\xampp\htdocs\growshop1\wp-includes\template.php(725): require()
#1 C:\xampp\htdocs\growshop1\wp-content\plugins\woocommerce\includes\wc-core-functions.php(197): load_template('C:\\xampp\\htdocs...', false)
#2 C:\xampp\htdocs\growshop1\wp-content\plugins\woocommerce\templates\archive-product.php(70): wc_get_template_part('content', 'product')
#3 C:\xampp\htdocs\growshop1\wp-includes\template-loader.php(106): include('C:\\xampp\\htdocs...')
#4 C:\xampp\htdocs\growshop1\wp-blog-header.php(19): require_once('C:\\xampp\\htdocs...')
#5 C:\xampp\htdocs\growshop1\index.php(17): require('C:\\xampp\\htdocs...')
#6 {main}
  thrown en C:\xampp\htdocs\growshop1\wp-content\themes\ecommerce-gem\woocommerce\content-product.php en la línea 70

2020-06-17T22:15:18+00:00 CRITICAL Uncaught Error: Call to undefined function yith_wcwl_object_id() in C:\xampp\htdocs\growshop1\wp-content\themes\ecommerce-gem\woocommerce\content-product.php:70
Stack trace:
#0 C:\xampp\htdocs\growshop1\wp-includes\template.php(725): require()
#1 C:\xampp\htdocs\growshop1\wp-content\plugins\woocommerce\includes\wc-core-functions.php(197): load_template('C:\\xampp\\htdocs...', false)
#2 C:\xampp\htdocs\growshop1\wp-content\plugins\woocommerce\templates\archive-product.php(70): wc_get_template_part('content', 'product')
#3 C:\xampp\htdocs\growshop1\wp-includes\template-loader.php(106): include('C:\\xampp\\htdocs...')
#4 C:\xampp\htdocs\growshop1\wp-blog-header.php(19): require_once('C:\\xampp\\htdocs...')
#5 C:\xampp\htdocs\growshop1\index.php(17): require('C:\\xampp\\htdocs...')
#6 {main}
  thrown en C:\xampp\htdocs\growshop1\wp-content\themes\ecommerce-gem\woocommerce\content-product.php en la línea 70

2020-06-17T22:15:34+00:00 CRITICAL Uncaught Error: Call to undefined function yith_wcwl_object_id() in C:\xampp\htdocs\growshop1\wp-content\themes\ecommerce-gem\woocommerce\content-product.php:70
Stack trace:
#0 C:\xampp\htdocs\growshop1\wp-includes\template.php(725): require()
#1 C:\xampp\htdocs\growshop1\wp-content\plugins\woocommerce\includes\wc-core-functions.php(197): load_template('C:\\xampp\\htdocs...', false)
#2 C:\xampp\htdocs\growshop1\wp-content\plugins\woocommerce\templates\archive-product.php(70): wc_get_template_part('content', 'product')
#3 C:\xampp\htdocs\growshop1\wp-includes\template-loader.php(106): include('C:\\xampp\\htdocs...')
#4 C:\xampp\htdocs\growshop1\wp-blog-header.php(19): require_once('C:\\xampp\\htdocs...')
#5 C:\xampp\htdocs\growshop1\index.php(17): require('C:\\xampp\\htdocs...')
#6 {main}
  thrown en C:\xampp\htdocs\growshop1\wp-content\themes\ecommerce-gem\woocommerce\content-product.php en la línea 70

2020-06-17T22:15:44+00:00 CRITICAL Uncaught Error: Call to undefined function yith_wcwl_object_id() in C:\xampp\htdocs\growshop1\wp-content\themes\ecommerce-gem\woocommerce\content-product.php:70
Stack trace:
#0 C:\xampp\htdocs\growshop1\wp-includes\template.php(725): require()
#1 C:\xampp\htdocs\growshop1\wp-content\plugins\woocommerce\includes\wc-core-functions.php(197): load_template('C:\\xampp\\htdocs...', false)
#2 C:\xampp\htdocs\growshop1\wp-content\plugins\woocommerce\templates\archive-product.php(70): wc_get_template_part('content', 'product')
#3 C:\xampp\htdocs\growshop1\wp-includes\template-loader.php(106): include('C:\\xampp\\htdocs...')
#4 C:\xampp\htdocs\growshop1\wp-blog-header.php(19): require_once('C:\\xampp\\htdocs...')
#5 C:\xampp\htdocs\growshop1\index.php(17): require('C:\\xampp\\htdocs...')
#6 {main}
  thrown en C:\xampp\htdocs\growshop1\wp-content\themes\ecommerce-gem\woocommerce\content-product.php en la línea 70

2020-06-17T22:16:22+00:00 CRITICAL Uncaught Error: Call to undefined function yith_wcwl_object_id() in C:\xampp\htdocs\growshop1\wp-content\themes\ecommerce-gem\woocommerce\content-product.php:70
Stack trace:
#0 C:\xampp\htdocs\growshop1\wp-includes\template.php(725): require()
#1 C:\xampp\htdocs\growshop1\wp-content\plugins\woocommerce\includes\wc-core-functions.php(197): load_template('C:\\xampp\\htdocs...', false)
#2 C:\xampp\htdocs\growshop1\wp-content\plugins\woocommerce\templates\archive-product.php(70): wc_get_template_part('content', 'product')
#3 C:\xampp\htdocs\growshop1\wp-includes\template-loader.php(106): include('C:\\xampp\\htdocs...')
#4 C:\xampp\htdocs\growshop1\wp-blog-header.php(19): require_once('C:\\xampp\\htdocs...')
#5 C:\xampp\htdocs\growshop1\index.php(17): require('C:\\xampp\\htdocs...')
#6 {main}
  thrown en C:\xampp\htdocs\growshop1\wp-content\themes\ecommerce-gem\woocommerce\content-product.php en la línea 70

2020-06-17T22:16:25+00:00 CRITICAL Uncaught Error: Call to undefined function yith_wcwl_object_id() in C:\xampp\htdocs\growshop1\wp-content\themes\ecommerce-gem\woocommerce\content-product.php:70
Stack trace:
#0 C:\xampp\htdocs\growshop1\wp-includes\template.php(725): require()
#1 C:\xampp\htdocs\growshop1\wp-content\plugins\woocommerce\includes\wc-core-functions.php(197): load_template('C:\\xampp\\htdocs...', false)
#2 C:\xampp\htdocs\growshop1\wp-content\plugins\woocommerce\templates\archive-product.php(70): wc_get_template_part('content', 'product')
#3 C:\xampp\htdocs\growshop1\wp-includes\template-loader.php(106): include('C:\\xampp\\htdocs...')
#4 C:\xampp\htdocs\growshop1\wp-blog-header.php(19): require_once('C:\\xampp\\htdocs...')
#5 C:\xampp\htdocs\growshop1\index.php(17): require('C:\\xampp\\htdocs...')
#6 {main}
  thrown en C:\xampp\htdocs\growshop1\wp-content\themes\ecommerce-gem\woocommerce\content-product.php en la línea 70

2020-06-17T22:18:35+00:00 CRITICAL Uncaught Error: Call to undefined function yith_wcwl_object_id() in C:\xampp\htdocs\growshop1\wp-content\themes\ecommerce-gem\woocommerce\content-product.php:70
Stack trace:
#0 C:\xampp\htdocs\growshop1\wp-includes\template.php(725): require()
#1 C:\xampp\htdocs\growshop1\wp-content\plugins\woocommerce\includes\wc-core-functions.php(197): load_template('C:\\xampp\\htdocs...', false)
#2 C:\xampp\htdocs\growshop1\wp-content\plugins\woocommerce\templates\archive-product.php(70): wc_get_template_part('content', 'product')
#3 C:\xampp\htdocs\growshop1\wp-includes\template-loader.php(106): include('C:\\xampp\\htdocs...')
#4 C:\xampp\htdocs\growshop1\wp-blog-header.php(19): require_once('C:\\xampp\\htdocs...')
#5 C:\xampp\htdocs\growshop1\index.php(17): require('C:\\xampp\\htdocs...')
#6 {main}
  thrown en C:\xampp\htdocs\growshop1\wp-content\themes\ecommerce-gem\woocommerce\content-product.php en la línea 70

2020-06-17T22:20:03+00:00 CRITICAL Uncaught Error: Call to undefined function yith_wcwl_object_id() in C:\xampp\htdocs\growshop1\wp-content\themes\ecommerce-gem\woocommerce\content-product.php:70
Stack trace:
#0 C:\xampp\htdocs\growshop1\wp-includes\template.php(725): require()
#1 C:\xampp\htdocs\growshop1\wp-content\plugins\woocommerce\includes\wc-core-functions.php(197): load_template('C:\\xampp\\htdocs...', false)
#2 C:\xampp\htdocs\growshop1\wp-content\plugins\woocommerce\templates\archive-product.php(70): wc_get_template_part('content', 'product')
#3 C:\xampp\htdocs\growshop1\wp-includes\template-loader.php(106): include('C:\\xampp\\htdocs...')
#4 C:\xampp\htdocs\growshop1\wp-blog-header.php(19): require_once('C:\\xampp\\htdocs...')
#5 C:\xampp\htdocs\growshop1\index.php(17): require('C:\\xampp\\htdocs...')
#6 {main}
  thrown en C:\xampp\htdocs\growshop1\wp-content\themes\ecommerce-gem\woocommerce\content-product.php en la línea 70

2020-06-17T22:36:30+00:00 CRITICAL Uncaught Error: Call to undefined function yith_wcwl_object_id() in C:\xampp\htdocs\growshop1\wp-content\themes\ecommerce-gem\woocommerce\content-product.php:70
Stack trace:
#0 C:\xampp\htdocs\growshop1\wp-includes\template.php(725): require()
#1 C:\xampp\htdocs\growshop1\wp-content\plugins\woocommerce\includes\wc-core-functions.php(197): load_template('C:\\xampp\\htdocs...', false)
#2 C:\xampp\htdocs\growshop1\wp-content\plugins\woocommerce\templates\archive-product.php(70): wc_get_template_part('content', 'product')
#3 C:\xampp\htdocs\growshop1\wp-includes\template-loader.php(106): include('C:\\xampp\\htdocs...')
#4 C:\xampp\htdocs\growshop1\wp-blog-header.php(19): require_once('C:\\xampp\\htdocs...')
#5 C:\xampp\htdocs\growshop1\index.php(17): require('C:\\xampp\\htdocs...')
#6 {main}
  thrown en C:\xampp\htdocs\growshop1\wp-content\themes\ecommerce-gem\woocommerce\content-product.php en la línea 70

2020-06-17T22:36:40+00:00 CRITICAL Uncaught Error: Call to undefined function yith_wcwl_object_id() in C:\xampp\htdocs\growshop1\wp-content\themes\ecommerce-gem\woocommerce\content-product.php:70
Stack trace:
#0 C:\xampp\htdocs\growshop1\wp-includes\template.php(725): require()
#1 C:\xampp\htdocs\growshop1\wp-content\plugins\woocommerce\includes\wc-core-functions.php(197): load_template('C:\\xampp\\htdocs...', false)
#2 C:\xampp\htdocs\growshop1\wp-content\plugins\woocommerce\templates\archive-product.php(70): wc_get_template_part('content', 'product')
#3 C:\xampp\htdocs\growshop1\wp-includes\template-loader.php(106): include('C:\\xampp\\htdocs...')
#4 C:\xampp\htdocs\growshop1\wp-blog-header.php(19): require_once('C:\\xampp\\htdocs...')
#5 C:\xampp\htdocs\growshop1\index.php(17): require('C:\\xampp\\htdocs...')
#6 {main}
  thrown en C:\xampp\htdocs\growshop1\wp-content\themes\ecommerce-gem\woocommerce\content-product.php en la línea 70

2020-06-17T22:37:03+00:00 CRITICAL Uncaught Error: Call to undefined function yith_wcwl_object_id() in C:\xampp\htdocs\growshop1\wp-content\themes\ecommerce-gem\woocommerce\content-product.php:70
Stack trace:
#0 C:\xampp\htdocs\growshop1\wp-includes\template.php(725): require()
#1 C:\xampp\htdocs\growshop1\wp-content\plugins\woocommerce\includes\wc-core-functions.php(197): load_template('C:\\xampp\\htdocs...', false)
#2 C:\xampp\htdocs\growshop1\wp-content\plugins\woocommerce\templates\archive-product.php(70): wc_get_template_part('content', 'product')
#3 C:\xampp\htdocs\growshop1\wp-includes\template-loader.php(106): include('C:\\xampp\\htdocs...')
#4 C:\xampp\htdocs\growshop1\wp-blog-header.php(19): require_once('C:\\xampp\\htdocs...')
#5 C:\xampp\htdocs\growshop1\index.php(17): require('C:\\xampp\\htdocs...')
#6 {main}
  thrown en C:\xampp\htdocs\growshop1\wp-content\themes\ecommerce-gem\woocommerce\content-product.php en la línea 70

2020-06-17T22:37:41+00:00 CRITICAL Uncaught Error: Call to undefined function yith_wcwl_object_id() in C:\xampp\htdocs\growshop1\wp-content\themes\ecommerce-gem\woocommerce\content-product.php:70
Stack trace:
#0 C:\xampp\htdocs\growshop1\wp-includes\template.php(725): require()
#1 C:\xampp\htdocs\growshop1\wp-content\plugins\woocommerce\includes\wc-core-functions.php(197): load_template('C:\\xampp\\htdocs...', false)
#2 C:\xampp\htdocs\growshop1\wp-content\plugins\woocommerce\templates\archive-product.php(70): wc_get_template_part('content', 'product')
#3 C:\xampp\htdocs\growshop1\wp-includes\template-loader.php(106): include('C:\\xampp\\htdocs...')
#4 C:\xampp\htdocs\growshop1\wp-blog-header.php(19): require_once('C:\\xampp\\htdocs...')
#5 C:\xampp\htdocs\growshop1\index.php(17): require('C:\\xampp\\htdocs...')
#6 {main}
  thrown en C:\xampp\htdocs\growshop1\wp-content\themes\ecommerce-gem\woocommerce\content-product.php en la línea 70

2020-06-17T22:37:44+00:00 CRITICAL Uncaught Error: Call to undefined function yith_wcwl_object_id() in C:\xampp\htdocs\growshop1\wp-content\themes\ecommerce-gem\woocommerce\content-product.php:70
Stack trace:
#0 C:\xampp\htdocs\growshop1\wp-includes\template.php(725): require()
#1 C:\xampp\htdocs\growshop1\wp-content\plugins\woocommerce\includes\wc-core-functions.php(197): load_template('C:\\xampp\\htdocs...', false)
#2 C:\xampp\htdocs\growshop1\wp-content\plugins\woocommerce\templates\archive-product.php(70): wc_get_template_part('content', 'product')
#3 C:\xampp\htdocs\growshop1\wp-includes\template-loader.php(106): include('C:\\xampp\\htdocs...')
#4 C:\xampp\htdocs\growshop1\wp-blog-header.php(19): require_once('C:\\xampp\\htdocs...')
#5 C:\xampp\htdocs\growshop1\index.php(17): require('C:\\xampp\\htdocs...')
#6 {main}
  thrown en C:\xampp\htdocs\growshop1\wp-content\themes\ecommerce-gem\woocommerce\content-product.php en la línea 70

2020-06-17T22:37:49+00:00 CRITICAL Uncaught Error: Call to undefined function yith_wcwl_object_id() in C:\xampp\htdocs\growshop1\wp-content\themes\ecommerce-gem\woocommerce\content-product.php:70
Stack trace:
#0 C:\xampp\htdocs\growshop1\wp-includes\template.php(725): require()
#1 C:\xampp\htdocs\growshop1\wp-content\plugins\woocommerce\includes\wc-core-functions.php(197): load_template('C:\\xampp\\htdocs...', false)
#2 C:\xampp\htdocs\growshop1\wp-content\plugins\woocommerce\templates\archive-product.php(70): wc_get_template_part('content', 'product')
#3 C:\xampp\htdocs\growshop1\wp-includes\template-loader.php(106): include('C:\\xampp\\htdocs...')
#4 C:\xampp\htdocs\growshop1\wp-blog-header.php(19): require_once('C:\\xampp\\htdocs...')
#5 C:\xampp\htdocs\growshop1\index.php(17): require('C:\\xampp\\htdocs...')
#6 {main}
  thrown en C:\xampp\htdocs\growshop1\wp-content\themes\ecommerce-gem\woocommerce\content-product.php en la línea 70

2020-06-17T22:37:52+00:00 CRITICAL Uncaught Error: Call to undefined function yith_wcwl_object_id() in C:\xampp\htdocs\growshop1\wp-content\themes\ecommerce-gem\woocommerce\content-product.php:70
Stack trace:
#0 C:\xampp\htdocs\growshop1\wp-includes\template.php(725): require()
#1 C:\xampp\htdocs\growshop1\wp-content\plugins\woocommerce\includes\wc-core-functions.php(197): load_template('C:\\xampp\\htdocs...', false)
#2 C:\xampp\htdocs\growshop1\wp-content\plugins\woocommerce\templates\archive-product.php(70): wc_get_template_part('content', 'product')
#3 C:\xampp\htdocs\growshop1\wp-includes\template-loader.php(106): include('C:\\xampp\\htdocs...')
#4 C:\xampp\htdocs\growshop1\wp-blog-header.php(19): require_once('C:\\xampp\\htdocs...')
#5 C:\xampp\htdocs\growshop1\index.php(17): require('C:\\xampp\\htdocs...')
#6 {main}
  thrown en C:\xampp\htdocs\growshop1\wp-content\themes\ecommerce-gem\woocommerce\content-product.php en la línea 70

2020-06-17T22:37:53+00:00 CRITICAL Uncaught Error: Call to undefined function yith_wcwl_object_id() in C:\xampp\htdocs\growshop1\wp-content\themes\ecommerce-gem\woocommerce\content-product.php:70
Stack trace:
#0 C:\xampp\htdocs\growshop1\wp-includes\template.php(725): require()
#1 C:\xampp\htdocs\growshop1\wp-content\plugins\woocommerce\includes\wc-core-functions.php(197): load_template('C:\\xampp\\htdocs...', false)
#2 C:\xampp\htdocs\growshop1\wp-content\plugins\woocommerce\templates\archive-product.php(70): wc_get_template_part('content', 'product')
#3 C:\xampp\htdocs\growshop1\wp-includes\template-loader.php(106): include('C:\\xampp\\htdocs...')
#4 C:\xampp\htdocs\growshop1\wp-blog-header.php(19): require_once('C:\\xampp\\htdocs...')
#5 C:\xampp\htdocs\growshop1\index.php(17): require('C:\\xampp\\htdocs...')
#6 {main}
  thrown en C:\xampp\htdocs\growshop1\wp-content\themes\ecommerce-gem\woocommerce\content-product.php en la línea 70

2020-06-17T22:38:23+00:00 CRITICAL Uncaught Error: Call to undefined function yith_wcwl_object_id() in C:\xampp\htdocs\growshop1\wp-content\themes\ecommerce-gem\woocommerce\content-product.php:70
Stack trace:
#0 C:\xampp\htdocs\growshop1\wp-includes\template.php(725): require()
#1 C:\xampp\htdocs\growshop1\wp-content\plugins\woocommerce\includes\wc-core-functions.php(197): load_template('C:\\xampp\\htdocs...', false)
#2 C:\xampp\htdocs\growshop1\wp-content\plugins\woocommerce\templates\archive-product.php(70): wc_get_template_part('content', 'product')
#3 C:\xampp\htdocs\growshop1\wp-includes\template-loader.php(106): include('C:\\xampp\\htdocs...')
#4 C:\xampp\htdocs\growshop1\wp-blog-header.php(19): require_once('C:\\xampp\\htdocs...')
#5 C:\xampp\htdocs\growshop1\index.php(17): require('C:\\xampp\\htdocs...')
#6 {main}
  thrown en C:\xampp\htdocs\growshop1\wp-content\themes\ecommerce-gem\woocommerce\content-product.php en la línea 70

2020-06-17T22:39:20+00:00 CRITICAL Uncaught Error: Call to undefined function yith_wcwl_object_id() in C:\xampp\htdocs\growshop1\wp-content\themes\ecommerce-gem\woocommerce\content-product.php:70
Stack trace:
#0 C:\xampp\htdocs\growshop1\wp-includes\template.php(725): require()
#1 C:\xampp\htdocs\growshop1\wp-content\plugins\woocommerce\includes\wc-core-functions.php(197): load_template('C:\\xampp\\htdocs...', false)
#2 C:\xampp\htdocs\growshop1\wp-content\plugins\woocommerce\templates\archive-product.php(70): wc_get_template_part('content', 'product')
#3 C:\xampp\htdocs\growshop1\wp-includes\template-loader.php(106): include('C:\\xampp\\htdocs...')
#4 C:\xampp\htdocs\growshop1\wp-blog-header.php(19): require_once('C:\\xampp\\htdocs...')
#5 C:\xampp\htdocs\growshop1\index.php(17): require('C:\\xampp\\htdocs...')
#6 {main}
  thrown en C:\xampp\htdocs\growshop1\wp-content\themes\ecommerce-gem\woocommerce\content-product.php en la línea 70

2020-06-17T22:39:45+00:00 CRITICAL Uncaught Error: Call to undefined function yith_wcwl_object_id() in C:\xampp\htdocs\growshop1\wp-content\themes\ecommerce-gem\woocommerce\content-product.php:70
Stack trace:
#0 C:\xampp\htdocs\growshop1\wp-includes\template.php(725): require()
#1 C:\xampp\htdocs\growshop1\wp-content\plugins\woocommerce\includes\wc-core-functions.php(197): load_template('C:\\xampp\\htdocs...', false)
#2 C:\xampp\htdocs\growshop1\wp-content\plugins\woocommerce\templates\archive-product.php(70): wc_get_template_part('content', 'product')
#3 C:\xampp\htdocs\growshop1\wp-includes\template-loader.php(106): include('C:\\xampp\\htdocs...')
#4 C:\xampp\htdocs\growshop1\wp-blog-header.php(19): require_once('C:\\xampp\\htdocs...')
#5 C:\xampp\htdocs\growshop1\index.php(17): require('C:\\xampp\\htdocs...')
#6 {main}
  thrown en C:\xampp\htdocs\growshop1\wp-content\themes\ecommerce-gem\woocommerce\content-product.php en la línea 70

2020-06-17T22:49:36+00:00 CRITICAL Uncaught Error: Call to undefined function yith_wcwl_object_id() in C:\xampp\htdocs\growshop1\wp-content\themes\ecommerce-gem\woocommerce\content-product.php:70
Stack trace:
#0 C:\xampp\htdocs\growshop1\wp-includes\template.php(725): require()
#1 C:\xampp\htdocs\growshop1\wp-content\plugins\woocommerce\includes\wc-core-functions.php(197): load_template('C:\\xampp\\htdocs...', false)
#2 C:\xampp\htdocs\growshop1\wp-content\plugins\woocommerce\templates\archive-product.php(70): wc_get_template_part('content', 'product')
#3 C:\xampp\htdocs\growshop1\wp-includes\template-loader.php(106): include('C:\\xampp\\htdocs...')
#4 C:\xampp\htdocs\growshop1\wp-blog-header.php(19): require_once('C:\\xampp\\htdocs...')
#5 C:\xampp\htdocs\growshop1\index.php(17): require('C:\\xampp\\htdocs...')
#6 {main}
  thrown en C:\xampp\htdocs\growshop1\wp-content\themes\ecommerce-gem\woocommerce\content-product.php en la línea 70

2020-06-17T23:24:56+00:00 CRITICAL Uncaught Error: Call to undefined function yith_wcwl_object_id() in C:\xampp\htdocs\growshop1\wp-content\themes\ecommerce-gem\woocommerce\content-product.php:70
Stack trace:
#0 C:\xampp\htdocs\growshop1\wp-includes\template.php(725): require()
#1 C:\xampp\htdocs\growshop1\wp-content\plugins\woocommerce\includes\wc-core-functions.php(197): load_template('C:\\xampp\\htdocs...', false)
#2 C:\xampp\htdocs\growshop1\wp-content\plugins\woocommerce\templates\archive-product.php(70): wc_get_template_part('content', 'product')
#3 C:\xampp\htdocs\growshop1\wp-includes\template-loader.php(106): include('C:\\xampp\\htdocs...')
#4 C:\xampp\htdocs\growshop1\wp-blog-header.php(19): require_once('C:\\xampp\\htdocs...')
#5 C:\xampp\htdocs\growshop1\index.php(17): require('C:\\xampp\\htdocs...')
#6 {main}
  thrown en C:\xampp\htdocs\growshop1\wp-content\themes\ecommerce-gem\woocommerce\content-product.php en la línea 70

